<?xml version="1.0" encoding="UTF-8"?>
<!-- Generated by org.testng.reporters.JUnitReportReporter -->
<testsuite hostname="DESKTOP-KNOMQ1P" failures="0" tests="1" name="mavenjava.LoginTest" time="0.011" errors="0" timestamp="2021-08-23T23:34:58 IST" skipped="0">
  <testcase classname="mavenjava.LoginTest" name="login" time="0.011"/>
  <system-out/>
</testsuite> <!-- mavenjava.LoginTest -->
